#
# A fatal error has been detected by the Java Runtime Environment:
#
#  EXCEPTION_ACCESS_VIOLATION (0xc0000005) at pc=0x000000006b22ab28, pid=7764, tid=10904
#
# JRE version: Java(TM) SE Runtime Environment (10.0.2+13) (build 10.0.2+13)
# Java VM: Java HotSpot(TM) 64-Bit Server VM (10.0.2+13, mixed mode, tiered, compressed oops, g1 gc, windows-amd64)
# Problematic frame:
# V  [jvm.dll+0x65ab28]
#
# No core dump will be written. Minidumps are not enabled by default on client versions of Windows
#
# If you would like to submit a bug report, please visit:
#   http://bugreport.java.com/bugreport/crash.jsp
#

---------------  S U M M A R Y ------------

Command Line: -Dcom.sun.management.jmxremote -Dcom.sun.management.jmxremote.port=49810 -Dcom.sun.management.jmxremote.authenticate=false -Dcom.sun.management.jmxremote.ssl=false -Djava.rmi.server.hostname=localhost -Dspring.liveBeansView.mbeanDomain -Dspring.application.admin.enabled=true -Xverify:none -XX:TieredStopAtLevel=1 -Dfile.encoding=UTF-8 com.example.demo.HomepageApplication --spring.output.ansi.enabled=always --server.port=9999

Host: Intel(R) Core(TM) i5-4440 CPU @ 3.10GHz, 4 cores, 11G,  Windows 10 , 64 bit Build 17134 (10.0.17134.1)
Time: Sat Dec 22 10:20:56 2018 India Standard Time elapsed time: 0 seconds (0d 0h 0m 0s)

---------------  T H R E A D  ---------------

Current thread (0x000001faf669c800):  JavaThread "main" [_thread_in_vm, id=10904, stack(0x00000044cab00000,0x00000044cac00000)]

Stack: [0x00000044cab00000,0x00000044cac00000],  sp=0x00000044cabfaa70,  free space=1002k
Native frames: (J=compiled Java code, j=interpreted, Vv=VM code, C=native code)
V  [jvm.dll+0x65ab28]
V  [jvm.dll+0x65a7d0]
V  [jvm.dll+0x65ac3a]
V  [jvm.dll+0x1b549a]
V  [jvm.dll+0x1b40a5]
V  [jvm.dll+0x1b8f83]
V  [jvm.dll+0x1aeee0]
V  [jvm.dll+0x486784]
V  [jvm.dll+0x1c0302]
V  [jvm.dll+0x662e25]
V  [jvm.dll+0x6644c7]
V  [jvm.dll+0x66497f]
V  [jvm.dll+0x664793]
V  [jvm.dll+0x22f106]
V  [jvm.dll+0x1725e3]
V  [jvm.dll+0x36170f]
C  0x000001fa8b2ceb9d

Java frames: (J=compiled Java code, j=interpreted, Vv=VM code)
j  java.lang.reflect.Proxy.lambda$getProxyConstructor$0(Ljava/lang/ClassLoader;Ljdk/internal/loader/AbstractClassLoaderValue$Sub;)Ljava/lang/reflect/Constructor;+0 java.base@10.0.2
j  java.lang.reflect.Proxy$$Lambda$28.apply(Ljava/lang/Object;Ljava/lang/Object;)Ljava/lang/Object;+8 java.base@10.0.2
j  jdk.internal.loader.AbstractClassLoaderValue$Memoizer.get()Ljava/lang/Object;+75 java.base@10.0.2
j  jdk.internal.loader.AbstractClassLoaderValue.computeIfAbsent(Ljava/lang/ClassLoader;Ljava/util/function/BiFunction;)Ljava/lang/Object;+63 java.base@10.0.2
j  java.lang.reflect.Proxy.getProxyConstructor(Ljava/lang/Class;Ljava/lang/ClassLoader;[Ljava/lang/Class;)Ljava/lang/reflect/Constructor;+40 java.base@10.0.2
j  java.lang.reflect.Proxy.newProxyInstance(Ljava/lang/ClassLoader;[Ljava/lang/Class;Ljava/lang/reflect/InvocationHandler;)Ljava/lang/Object;+22 java.base@10.0.2
j  sun.reflect.annotation.AnnotationParser$1.run()Ljava/lang/annotation/Annotation;+33 java.base@10.0.2
j  sun.reflect.annotation.AnnotationParser$1.run()Ljava/lang/Object;+1 java.base@10.0.2
v  ~StubRoutines::call_stub
j  java.security.AccessController.doPrivileged(Ljava/security/PrivilegedAction;)Ljava/lang/Object;+0 java.base@10.0.2
j  sun.reflect.annotation.AnnotationParser.annotationForMap(Ljava/lang/Class;Ljava/util/Map;)Ljava/lang/annotation/Annotation;+9 java.base@10.0.2
j  sun.reflect.annotation.AnnotationParser.parseAnnotation2(Ljava/nio/ByteBuffer;Ljdk/internal/reflect/ConstantPool;Ljava/lang/Class;Z[Ljava/lang/Class;)Ljava/lang/annotation/Annotation;+280 java.base@10.0.2
j  sun.reflect.annotation.AnnotationParser.parseAnnotations2([BLjdk/internal/reflect/ConstantPool;Ljava/lang/Class;[Ljava/lang/Class;)Ljava/util/Map;+41 java.base@10.0.2
j  sun.reflect.annotation.AnnotationParser.parseSelectAnnotations([BLjdk/internal/reflect/ConstantPool;Ljava/lang/Class;[Ljava/lang/Class;)Ljava/util/Map;+12 java.base@10.0.2
j  sun.reflect.annotation.AnnotationType.<init>(Ljava/lang/Class;)V+292 java.base@10.0.2
j  sun.reflect.annotation.AnnotationType.getInstance(Ljava/lang/Class;)Lsun/reflect/annotation/AnnotationType;+21 java.base@10.0.2
j  sun.reflect.annotation.AnnotationParser.parseAnnotation2(Ljava/nio/ByteBuffer;Ljdk/internal/reflect/ConstantPool;Ljava/lang/Class;Z[Ljava/lang/Class;)Ljava/lang/annotation/Annotation;+116 java.base@10.0.2
j  sun.reflect.annotation.AnnotationParser.parseAnnotations2([BLjdk/internal/reflect/ConstantPool;Ljava/lang/Class;[Ljava/lang/Class;)Ljava/util/Map;+41 java.base@10.0.2
j  sun.reflect.annotation.AnnotationParser.parseAnnotations([BLjdk/internal/reflect/ConstantPool;Ljava/lang/Class;)Ljava/util/Map;+12 java.base@10.0.2
j  java.lang.reflect.Executable.declaredAnnotations()Ljava/util/Map;+59 java.base@10.0.2
j  java.lang.reflect.Executable.declaredAnnotations()Ljava/util/Map;+32 java.base@10.0.2
j  java.lang.reflect.Executable.getAnnotation(Ljava/lang/Class;)Ljava/lang/annotation/Annotation;+7 java.base@10.0.2
j  java.lang.reflect.Method.getAnnotation(Ljava/lang/Class;)Ljava/lang/annotation/Annotation;+2 java.base@10.0.2
j  java.lang.reflect.AnnotatedElement.isAnnotationPresent(Ljava/lang/Class;)Z+2 java.base@10.0.2
j  java.lang.reflect.AccessibleObject.isAnnotationPresent(Ljava/lang/Class;)Z+2 java.base@10.0.2
j  jdk.internal.reflect.Reflection.isCallerSensitive(Ljava/lang/reflect/Method;)Z+18 java.base@10.0.2
j  jdk.internal.reflect.ReflectionFactory.newMethodAccessor(Ljava/lang/reflect/Method;)Ljdk/internal/reflect/MethodAccessor;+4 java.base@10.0.2
j  java.lang.reflect.Method.acquireMethodAccessor()Ljdk/internal/reflect/MethodAccessor;+33 java.base@10.0.2
j  java.lang.reflect.Method.invoke(Ljava/lang/Object;[Ljava/lang/Object;)Ljava/lang/Object;+52 java.base@10.0.2
j  sun.management.ManagementFactoryHelper$LoggingMXBeanAccess.getMXBeanImplementation()Ljava/lang/Object;+35 java.management@10.0.2
j  sun.management.ManagementFactoryHelper$LoggingMXBeanAccess.<init>()V+5 java.management@10.0.2
j  sun.management.ManagementFactoryHelper$PlatformLoggingImpl.getInstance()Lsun/management/ManagementFactoryHelper$PlatformLoggingImpl;+8 java.management@10.0.2
j  sun.management.ManagementFactoryHelper$PlatformLoggingImpl.<clinit>()V+0 java.management@10.0.2
v  ~StubRoutines::call_stub
j  sun.management.ManagementFactoryHelper.getPlatformLoggingMXBean()Ljava/lang/management/PlatformLoggingMXBean;+6 java.management@10.0.2
j  java.lang.management.DefaultPlatformMBeanProvider$9.nameToMBeanMap()Ljava/util/Map;+2 java.management@10.0.2
j  java.lang.management.ManagementFactory.lambda$getPlatformMBeanServer$0(Lsun/management/spi/PlatformMBeanProvider$PlatformComponent;)Ljava/util/stream/Stream;+1 java.management@10.0.2
j  java.lang.management.ManagementFactory$$Lambda$20.apply(Ljava/lang/Object;)Ljava/lang/Object;+4 java.management@10.0.2
j  java.util.stream.ReferencePipeline$7$1.accept(Ljava/lang/Object;)V+8 java.base@10.0.2
j  java.util.stream.ReferencePipeline$2$1.accept(Ljava/lang/Object;)V+21 java.base@10.0.2
j  java.util.HashMap$ValueSpliterator.forEachRemaining(Ljava/util/function/Consumer;)V+145 java.base@10.0.2
j  java.util.stream.AbstractPipeline.copyInto(Ljava/util/stream/Sink;Ljava/util/Spliterator;)V+32 java.base@10.0.2
j  java.util.stream.AbstractPipeline.wrapAndCopyInto(Ljava/util/stream/Sink;Ljava/util/Spliterator;)Ljava/util/stream/Sink;+13 java.base@10.0.2
j  java.util.stream.ForEachOps$ForEachOp.evaluateSequential(Ljava/util/stream/PipelineHelper;Ljava/util/Spliterator;)Ljava/lang/Void;+3 java.base@10.0.2
j  java.util.stream.ForEachOps$ForEachOp$OfRef.evaluateSequential(Ljava/util/stream/PipelineHelper;Ljava/util/Spliterator;)Ljava/lang/Object;+3 java.base@10.0.2
j  java.util.stream.AbstractPipeline.evaluate(Ljava/util/stream/TerminalOp;)Ljava/lang/Object;+88 java.base@10.0.2
j  java.util.stream.ReferencePipeline.forEach(Ljava/util/function/Consumer;)V+6 java.base@10.0.2
j  java.lang.management.ManagementFactory.getPlatformMBeanServer()Ljavax/management/MBeanServer;+68 java.management@10.0.2
j  sun.management.jmxremote.ConnectorBootstrap.startRemoteConnectorServer(Ljava/lang/String;Ljava/util/Properties;)Ljavax/management/remote/JMXConnectorServer;+579 jdk.management.agent@10.0.2
j  jdk.internal.agent.Agent.startAgent(Ljava/util/Properties;)V+65 jdk.management.agent@10.0.2
j  jdk.internal.agent.Agent.startAgent()V+19 jdk.management.agent@10.0.2
v  ~StubRoutines::call_stub

siginfo: EXCEPTION_ACCESS_VIOLATION (0xc0000005), reading address 0x000001fa98aff900


Register to memory mapping:

RIP=0x000000006b22ab28 jvm.dll
RAX=0x000001faffb8c140 is an unknown value
RBX=0x00000000e7a3d722 is an unknown value
RCX=0x000001faffb85ec0 is an unknown value
RDX=0x0000000000004698 is an unknown value
RSP=0x00000044cabfaa70 is pointing into the stack for thread: 0x000001faf669c800
RBP=0x000001faffb85ec0 is an unknown value
RSI=0x000001fa9b185ed6 is an unknown value
RDI=0x00000000e7a3d722 is an unknown value
R8 =0x000001fa9b185ed6 is an unknown value
R9 =0x0000000000000019 is an unknown value
R10=0x000001fa98aff900 is an unknown value
R11=0x0000000000000002 is an unknown value
R12=0x000000000000013b is an unknown value
R13=0x000001fa9aa42840 is pointing into metadata
R14=0x0000000000004698 is an unknown value
R15=0x000001faffb85ec0 is an unknown value


Registers:
RAX=0x000001faffb8c140, RBX=0x00000000e7a3d722, RCX=0x000001faffb85ec0, RDX=0x0000000000004698
RSP=0x00000044cabfaa70, RBP=0x000001faffb85ec0, RSI=0x000001fa9b185ed6, RDI=0x00000000e7a3d722
R8 =0x000001fa9b185ed6, R9 =0x0000000000000019, R10=0x000001fa98aff900, R11=0x0000000000000002
R12=0x000000000000013b, R13=0x000001fa9aa42840, R14=0x0000000000004698, R15=0x000001faffb85ec0
RIP=0x000000006b22ab28, EFLAGS=0x0000000000010202

Top of Stack: (sp=0x00000044cabfaa70)
0x00000044cabfaa70:   00000044cabfabe8 000001faf6699330
0x00000044cabfaa80:   0000000000000008 00000044cabfabd8
0x00000044cabfaa90:   0000000000000019 000000006b22a7d0
0x00000044cabfaaa0:   00000000e7a3d722 00000044cabfac30
0x00000044cabfaab0:   000001fa9b185ed6 0000000000004285
0x00000044cabfaac0:   00000044e7a3d722 00000044cabfabe8
0x00000044cabfaad0:   000000000000013b 000001fa9b185ed6
0x00000044cabfaae0:   000001fa9b185ed6 000000006b22ac3a
0x00000044cabfaaf0:   000001faf66989e0 0000000000000019
0x00000044cabfab00:   00000044cabfabc8 000001fa9b185e95
0x00000044cabfab10:   000001fae7a3d722 00000044cabfb040
0x00000044cabfab20:   0000000000000019 000000006ad8549a
0x00000044cabfab30:   0000000000000019 000001faf669c800
0x00000044cabfab40:   00000044cabfac30 000001faf669c800
0x00000044cabfab50:   00000044cabfabe8 00000044cabfac08
0x00000044cabfab60:   00000044cabfac28 000001faffb85ec0 

Instructions: (pc=0x000000006b22ab28)
0x000000006b22ab08:   48 63 d2 45 33 db 4c 8b 14 d0 49 8b f0 48 8b e9
0x000000006b22ab18:   4d 85 d2 0f 84 7d 00 00 00 8b 7c 24 50 41 ff c3
0x000000006b22ab28:   41 39 3a 75 47 49 8b 5a 10 0f b7 03 41 3b c1 75
0x000000006b22ab38:   3b 85 c0 7e 2a 4c 8b c3 48 8b d6 48 03 c6 4c 2b 



---------------  P R O C E S S  ---------------

Threads class SMR info:
_java_thread_list=0x000001fa9ac8e690, length=11, elements={
0x000001faf669c800, 0x000001fa9aaf1800, 0x000001fa9aaf4000, 0x000001fa9ab38800,
0x000001fa9ab39000, 0x000001fa9ab44000, 0x000001fa9ab4e800, 0x000001fa9ab50800,
0x000001fa9ab54800, 0x000001fa9accb000, 0x000001fa9accc000
}

Java Threads: ( => current thread )
=>0x000001faf669c800 JavaThread "main" [_thread_in_vm, id=10904, stack(0x00000044cab00000,0x00000044cac00000)]
  0x000001fa9aaf1800 JavaThread "Reference Handler" daemon [_thread_blocked, id=1180, stack(0x00000044cb800000,0x00000044cb900000)]
  0x000001fa9aaf4000 JavaThread "Finalizer" daemon [_thread_blocked, id=10908, stack(0x00000044cb900000,0x00000044cba00000)]
  0x000001fa9ab38800 JavaThread "Signal Dispatcher" daemon [_thread_blocked, id=10988, stack(0x00000044cba00000,0x00000044cbb00000)]
  0x000001fa9ab39000 JavaThread "Attach Listener" daemon [_thread_blocked, id=9812, stack(0x00000044cbb00000,0x00000044cbc00000)]
  0x000001fa9ab44000 JavaThread "C1 CompilerThread0" daemon [_thread_blocked, id=11988, stack(0x00000044cbc00000,0x00000044cbd00000)]
  0x000001fa9ab4e800 JavaThread "C1 CompilerThread1" daemon [_thread_blocked, id=7468, stack(0x00000044cbd00000,0x00000044cbe00000)]
  0x000001fa9ab50800 JavaThread "C1 CompilerThread2" daemon [_thread_blocked, id=11588, stack(0x00000044cbe00000,0x00000044cbf00000)]
  0x000001fa9ab54800 JavaThread "Sweeper thread" daemon [_thread_blocked, id=11452, stack(0x00000044cbf00000,0x00000044cc000000)]
  0x000001fa9accb000 JavaThread "Service Thread" daemon [_thread_blocked, id=12044, stack(0x00000044cc000000,0x00000044cc100000)]
  0x000001fa9accc000 JavaThread "Common-Cleaner" daemon [_thread_blocked, id=9860, stack(0x00000044cc100000,0x00000044cc200000)]

Other Threads:
  0x000001fa9aadd000 VMThread "VM Thread" [stack: 0x00000044cb700000,0x00000044cb800000] [id=1140]
  0x000001faf66b5800 GCTaskThread "GC Thread#0" [stack: 0x00000044cac00000,0x00000044cad00000] [id=9984]
  0x000001faf66b8000 GCTaskThread "GC Thread#1" [stack: 0x00000044cad00000,0x00000044cae00000] [id=7720]
  0x000001faf66ba800 GCTaskThread "GC Thread#2" [stack: 0x00000044cae00000,0x00000044caf00000] [id=4668]
  0x000001faf66bd000 GCTaskThread "GC Thread#3" [stack: 0x00000044caf00000,0x00000044cb000000] [id=5676]
  0x000001faf675d800 ConcurrentGCThread "G1 Main Marker" [stack: 0x00000044cb000000,0x00000044cb100000] [id=4420]
  0x000001faf675f000 ConcurrentGCThread "G1 Conc#0" [stack: 0x00000044cb100000,0x00000044cb200000] [id=1784]
  0x000001faffb75800 ConcurrentGCThread "G1 Refine#0" [stack: 0x00000044cb200000,0x00000044cb300000] [id=11348]
  0x000001faffb76800 ConcurrentGCThread "G1 Refine#1" [stack: 0x00000044cb300000,0x00000044cb400000] [id=10984]
  0x000001faffb7b800 ConcurrentGCThread "G1 Refine#2" [stack: 0x00000044cb400000,0x00000044cb500000] [id=8476]
  0x000001faffb7d800 ConcurrentGCThread "G1 Refine#3" [stack: 0x00000044cb500000,0x00000044cb600000] [id=2668]
  0x000001faffb80800 ConcurrentGCThread "G1 Young RemSet Sampling" [stack: 0x00000044cb600000,0x00000044cb700000] [id=7660]

Threads with active compile tasks:

VM state:not at safepoint (normal execution)

VM Mutex/Monitor currently owned by a thread: None

Heap address: 0x0000000705400000, size: 2988 MB, Compressed Oops mode: Zero based, Oop shift amount: 3
Narrow klass base: 0x0000000000000000, Narrow klass shift: 3
Compressed class space size: 1073741824 Address: 0x00000007c0000000

Heap:
 garbage-first heap   total 192512K, used 10240K [0x0000000705400000, 0x00000007c0000000)
  region size 1024K, 10 young (10240K), 0 survivors (0K)
 Metaspace       used 8529K, capacity 8684K, committed 8960K, reserved 1056768K
  class space    used 823K, capacity 903K, committed 1024K, reserved 1048576K
Heap Regions: E=young(eden), S=young(survivor), O=old, HS=humongous(starts), HC=humongous(continues), CS=collection set, F=free, A=archive, TS=gc time stamp, AC=allocation context, TAMS=top-at-mark-start (previous, next)
|   0|0x0000000705400000, 0x0000000705500000, 0x0000000705500000|100%|HS|  |TS  0|AC  0|TAMS 0x0000000705400000, 0x0000000705400000|
|   1|0x0000000705500000, 0x0000000705500000, 0x0000000705600000|  0%| F|  |TS  0|AC  0|TAMS 0x0000000705500000, 0x0000000705500000|
|   2|0x0000000705600000, 0x0000000705600000, 0x0000000705700000|  0%| F|  |TS  0|AC  0|TAMS 0x0000000705600000, 0x0000000705600000|
|   3|0x0000000705700000, 0x0000000705700000, 0x0000000705800000|  0%| F|  |TS  0|AC  0|TAMS 0x0000000705700000, 0x0000000705700000|
|   4|0x0000000705800000, 0x0000000705800000, 0x0000000705900000|  0%| F|  |TS  0|AC  0|TAMS 0x0000000705800000, 0x0000000705800000|
|   5|0x0000000705900000, 0x0000000705900000, 0x0000000705a00000|  0%| F|  |TS  0|AC  0|TAMS 0x0000000705900000, 0x0000000705900000|
|   6|0x0000000705a00000, 0x0000000705a00000, 0x0000000705b00000|  0%| F|  |TS  0|AC  0|TAMS 0x0000000705a00000, 0x0000000705a00000|
|   7|0x0000000705b00000, 0x0000000705b00000, 0x0000000705c00000|  0%| F|  |TS  0|AC  0|TAMS 0x0000000705b00000, 0x0000000705b00000|
|   8|0x0000000705c00000, 0x0000000705c00000, 0x0000000705d00000|  0%| F|  |TS  0|AC  0|TAMS 0x0000000705c00000, 0x0000000705c00000|
|   9|0x0000000705d00000, 0x0000000705d00000, 0x0000000705e00000|  0%| F|  |TS  0|AC  0|TAMS 0x0000000705d00000, 0x0000000705d00000|
|  10|0x0000000705e00000, 0x0000000705e00000, 0x0000000705f00000|  0%| F|  |TS  0|AC  0|TAMS 0x0000000705e00000, 0x0000000705e00000|
|  11|0x0000000705f00000, 0x0000000705f00000, 0x0000000706000000|  0%| F|  |TS  0|AC  0|TAMS 0x0000000705f00000, 0x0000000705f00000|
|  12|0x0000000706000000, 0x0000000706000000, 0x0000000706100000|  0%| F|  |TS  0|AC  0|TAMS 0x0000000706000000, 0x0000000706000000|
|  13|0x0000000706100000, 0x0000000706100000, 0x0000000706200000|  0%| F|  |TS  0|AC  0|TAMS 0x0000000706100000, 0x0000000706100000|
|  14|0x0000000706200000, 0x0000000706200000, 0x0000000706300000|  0%| F|  |TS  0|AC  0|TAMS 0x0000000706200000, 0x0000000706200000|
|  15|0x0000000706300000, 0x0000000706300000, 0x0000000706400000|  0%| F|  |TS  0|AC  0|TAMS 0x0000000706300000, 0x0000000706300000|
|  16|0x0000000706400000, 0x0000000706400000, 0x0000000706500000|  0%| F|  |TS  0|AC  0|TAMS 0x0000000706400000, 0x0000000706400000|
|  17|0x0000000706500000, 0x0000000706500000, 0x0000000706600000|  0%| F|  |TS  0|AC  0|TAMS 0x0000000706500000, 0x0000000706500000|
|  18|0x0000000706600000, 0x0000000706600000, 0x0000000706700000|  0%| F|  |TS  0|AC  0|TAMS 0x0000000706600000, 0x0000000706600000|
|  19|0x0000000706700000, 0x0000000706700000, 0x0000000706800000|  0%| F|  |TS  0|AC  0|TAMS 0x0000000706700000, 0x0000000706700000|
|  20|0x0000000706800000, 0x0000000706800000, 0x0000000706900000|  0%| F|  |TS  0|AC  0|TAMS 0x0000000706800000, 0x0000000706800000|
|  21|0x0000000706900000, 0x0000000706900000, 0x0000000706a00000|  0%| F|  |TS  0|AC  0|TAMS 0x0000000706900000, 0x0000000706900000|
|  22|0x0000000706a00000, 0x0000000706a00000, 0x0000000706b00000|  0%| F|  |TS  0|AC  0|TAMS 0x0000000706a00000, 0x0000000706a00000|
|  23|0x0000000706b00000, 0x0000000706b00000, 0x0000000706c00000|  0%| F|  |TS  0|AC  0|TAMS 0x0000000706b00000, 0x0000000706b00000|
|  24|0x0000000706c00000, 0x0000000706c00000, 0x0000000706d00000|  0%| F|  |TS  0|AC  0|TAMS 0x0000000706c00000, 0x0000000706c00000|
|  25|0x0000000706d00000, 0x0000000706d00000, 0x0000000706e00000|  0%| F|  |TS  0|AC  0|TAMS 0x0000000706d00000, 0x0000000706d00000|
|  26|0x0000000706e00000, 0x0000000706e00000, 0x0000000706f00000|  0%| F|  |TS  0|AC  0|TAMS 0x0000000706e00000, 0x0000000706e00000|
|  27|0x0000000706f00000, 0x0000000706f00000, 0x0000000707000000|  0%| F|  |TS  0|AC  0|TAMS 0x0000000706f00000, 0x0000000706f00000|
|  28|0x0000000707000000, 0x0000000707000000, 0x0000000707100000|  0%| F|  |TS  0|AC  0|TAMS 0x0000000707000000, 0x0000000707000000|
|  29|0x0000000707100000, 0x0000000707100000, 0x0000000707200000|  0%| F|  |TS  0|AC  0|TAMS 0x0000000707100000, 0x0000000707100000|
|  30|0x0000000707200000, 0x0000000707200000, 0x0000000707300000|  0%| F|  |TS  0|AC  0|TAMS 0x0000000707200000, 0x0000000707200000|
|  31|0x0000000707300000, 0x0000000707300000, 0x0000000707400000|  0%| F|  |TS  0|AC  0|TAMS 0x0000000707300000, 0x0000000707300000|
|  32|0x0000000707400000, 0x0000000707400000, 0x0000000707500000|  0%| F|  |TS  0|AC  0|TAMS 0x0000000707400000, 0x0000000707400000|
|  33|0x0000000707500000, 0x0000000707500000, 0x0000000707600000|  0%| F|  |TS  0|AC  0|TAMS 0x0000000707500000, 0x0000000707500000|
|  34|0x0000000707600000, 0x0000000707600000, 0x0000000707700000|  0%| F|  |TS  0|AC  0|TAMS 0x0000000707600000, 0x0000000707600000|
|  35|0x0000000707700000, 0x0000000707700000, 0x0000000707800000|  0%| F|  |TS  0|AC  0|TAMS 0x0000000707700000, 0x0000000707700000|
|  36|0x0000000707800000, 0x0000000707800000, 0x0000000707900000|  0%| F|  |TS  0|AC  0|TAMS 0x0000000707800000, 0x0000000707800000|
|  37|0x0000000707900000, 0x0000000707900000, 0x0000000707a00000|  0%| F|  |TS  0|AC  0|TAMS 0x0000000707900000, 0x0000000707900000|
|  38|0x0000000707a00000, 0x0000000707a00000, 0x0000000707b00000|  0%| F|  |TS  0|AC  0|TAMS 0x0000000707a00000, 0x0000000707a00000|
|  39|0x0000000707b00000, 0x0000000707b00000, 0x0000000707c00000|  0%| F|  |TS  0|AC  0|TAMS 0x0000000707b00000, 0x0000000707b00000|
|  40|0x0000000707c00000, 0x0000000707c00000, 0x0000000707d00000|  0%| F|  |TS  0|AC  0|TAMS 0x0000000707c00000, 0x0000000707c00000|
|  41|0x0000000707d00000, 0x0000000707d00000, 0x0000000707e00000|  0%| F|  |TS  0|AC  0|TAMS 0x0000000707d00000, 0x0000000707d00000|
|  42|0x0000000707e00000, 0x0000000707e00000, 0x0000000707f00000|  0%| F|  |TS  0|AC  0|TAMS 0x0000000707e00000, 0x0000000707e00000|
|  43|0x0000000707f00000, 0x0000000707f00000, 0x0000000708000000|  0%| F|  |TS  0|AC  0|TAMS 0x0000000707f00000, 0x0000000707f00000|
|  44|0x0000000708000000, 0x0000000708000000, 0x0000000708100000|  0%| F|  |TS  0|AC  0|TAMS 0x0000000708000000, 0x0000000708000000|
|  45|0x0000000708100000, 0x0000000708100000, 0x0000000708200000|  0%| F|  |TS  0|AC  0|TAMS 0x0000000708100000, 0x0000000708100000|
|  46|0x0000000708200000, 0x0000000708200000, 0x0000000708300000|  0%| F|  |TS  0|AC  0|TAMS 0x0000000708200000, 0x0000000708200000|
|  47|0x0000000708300000, 0x0000000708300000, 0x0000000708400000|  0%| F|  |TS  0|AC  0|TAMS 0x0000000708300000, 0x0000000708300000|
|  48|0x0000000708400000, 0x0000000708400000, 0x0000000708500000|  0%| F|  |TS  0|AC  0|TAMS 0x0000000708400000, 0x0000000708400000|
|  49|0x0000000708500000, 0x0000000708500000, 0x0000000708600000|  0%| F|  |TS  0|AC  0|TAMS 0x0000000708500000, 0x0000000708500000|
|  50|0x0000000708600000, 0x0000000708600000, 0x0000000708700000|  0%| F|  |TS  0|AC  0|TAMS 0x0000000708600000, 0x0000000708600000|
|  51|0x0000000708700000, 0x0000000708700000, 0x0000000708800000|  0%| F|  |TS  0|AC  0|TAMS 0x0000000708700000, 0x0000000708700000|
|  52|0x0000000708800000, 0x0000000708800000, 0x0000000708900000|  0%| F|  |TS  0|AC  0|TAMS 0x0000000708800000, 0x0000000708800000|
|  53|0x0000000708900000, 0x0000000708900000, 0x0000000708a00000|  0%| F|  |TS  0|AC  0|TAMS 0x0000000708900000, 0x0000000708900000|
|  54|0x0000000708a00000, 0x0000000708a00000, 0x0000000708b00000|  0%| F|  |TS  0|AC  0|TAMS 0x0000000708a00000, 0x0000000708a00000|
|  55|0x0000000708b00000, 0x0000000708b00000, 0x0000000708c00000|  0%| F|  |TS  0|AC  0|TAMS 0x0000000708b00000, 0x0000000708b00000|
|  56|0x0000000708c00000, 0x0000000708c00000, 0x0000000708d00000|  0%| F|  |TS  0|AC  0|TAMS 0x0000000708c00000, 0x0000000708c00000|
|  57|0x0000000708d00000, 0x0000000708d00000, 0x0000000708e00000|  0%| F|  |TS  0|AC  0|TAMS 0x0000000708d00000, 0x0000000708d00000|
|  58|0x0000000708e00000, 0x0000000708e00000, 0x0000000708f00000|  0%| F|  |TS  0|AC  0|TAMS 0x0000000708e00000, 0x0000000708e00000|
|  59|0x0000000708f00000, 0x0000000708f00000, 0x0000000709000000|  0%| F|  |TS  0|AC  0|TAMS 0x0000000708f00000, 0x0000000708f00000|
|  60|0x0000000709000000, 0x0000000709000000, 0x0000000709100000|  0%| F|  |TS  0|AC  0|TAMS 0x0000000709000000, 0x0000000709000000|
|  61|0x0000000709100000, 0x0000000709100000, 0x0000000709200000|  0%| F|  |TS  0|AC  0|TAMS 0x0000000709100000, 0x0000000709100000|
|  62|0x0000000709200000, 0x0000000709200000, 0x0000000709300000|  0%| F|  |TS  0|AC  0|TAMS 0x0000000709200000, 0x0000000709200000|
|  63|0x0000000709300000, 0x0000000709300000, 0x0000000709400000|  0%| F|  |TS  0|AC  0|TAMS 0x0000000709300000, 0x0000000709300000|
|  64|0x0000000709400000, 0x0000000709400000, 0x0000000709500000|  0%| F|  |TS  0|AC  0|TAMS 0x0000000709400000, 0x0000000709400000|
|  65|0x0000000709500000, 0x0000000709500000, 0x0000000709600000|  0%| F|  |TS  0|AC  0|TAMS 0x0000000709500000, 0x0000000709500000|
|  66|0x0000000709600000, 0x0000000709600000, 0x0000000709700000|  0%| F|  |TS  0|AC  0|TAMS 0x0000000709600000, 0x0000000709600000|
|  67|0x0000000709700000, 0x0000000709700000, 0x0000000709800000|  0%| F|  |TS  0|AC  0|TAMS 0x0000000709700000, 0x0000000709700000|
|  68|0x0000000709800000, 0x0000000709800000, 0x0000000709900000|  0%| F|  |TS  0|AC  0|TAMS 0x0000000709800000, 0x0000000709800000|
|  69|0x0000000709900000, 0x0000000709900000, 0x0000000709a00000|  0%| F|  |TS  0|AC  0|TAMS 0x0000000709900000, 0x0000000709900000|
|  70|0x0000000709a00000, 0x0000000709a00000, 0x0000000709b00000|  0%| F|  |TS  0|AC  0|TAMS 0x0000000709a00000, 0x0000000709a00000|
|  71|0x0000000709b00000, 0x0000000709b00000, 0x0000000709c00000|  0%| F|  |TS  0|AC  0|TAMS 0x0000000709b00000, 0x0000000709b00000|
|  72|0x0000000709c00000, 0x0000000709c00000, 0x0000000709d00000|  0%| F|  |TS  0|AC  0|TAMS 0x0000000709c00000, 0x0000000709c00000|
|  73|0x0000000709d00000, 0x0000000709d00000, 0x0000000709e00000|  0%| F|  |TS  0|AC  0|TAMS 0x0000000709d00000, 0x0000000709d00000|
|  74|0x0000000709e00000, 0x0000000709e00000, 0x0000000709f00000|  0%| F|  |TS  0|AC  0|TAMS 0x0000000709e00000, 0x0000000709e00000|
|  75|0x0000000709f00000, 0x0000000709f00000, 0x000000070a000000|  0%| F|  |TS  0|AC  0|TAMS 0x0000000709f00000, 0x0000000709f00000|
|  76|0x000000070a000000, 0x000000070a000000, 0x000000070a100000|  0%| F|  |TS  0|AC  0|TAMS 0x000000070a000000, 0x000000070a000000|
|  77|0x000000070a100000, 0x000000070a100000, 0x000000070a200000|  0%| F|  |TS  0|AC  0|TAMS 0x000000070a100000, 0x000000070a100000|
|  78|0x000000070a200000, 0x000000070a200000, 0x000000070a300000|  0%| F|  |TS  0|AC  0|TAMS 0x000000070a200000, 0x000000070a200000|
|  79|0x000000070a300000, 0x000000070a300000, 0x000000070a400000|  0%| F|  |TS  0|AC  0|TAMS 0x000000070a300000, 0x000000070a300000|
|  80|0x000000070a400000, 0x000000070a400000, 0x000000070a500000|  0%| F|  |TS  0|AC  0|TAMS 0x000000070a400000, 0x000000070a400000|
|  81|0x000000070a500000, 0x000000070a500000, 0x000000070a600000|  0%| F|  |TS  0|AC  0|TAMS 0x000000070a500000, 0x000000070a500000|
|  82|0x000000070a600000, 0x000000070a600000, 0x000000070a700000|  0%| F|  |TS  0|AC  0|TAMS 0x000000070a600000, 0x000000070a600000|
|  83|0x000000070a700000, 0x000000070a700000, 0x000000070a800000|  0%| F|  |TS  0|AC  0|TAMS 0x000000070a700000, 0x000000070a700000|
|  84|0x000000070a800000, 0x000000070a800000, 0x000000070a900000|  0%| F|  |TS  0|AC  0|TAMS 0x000000070a800000, 0x000000070a800000|
|  85|0x000000070a900000, 0x000000070a900000, 0x000000070aa00000|  0%| F|  |TS  0|AC  0|TAMS 0x000000070a900000, 0x000000070a900000|
|  86|0x000000070aa00000, 0x000000070aa00000, 0x000000070ab00000|  0%| F|  |TS  0|AC  0|TAMS 0x000000070aa00000, 0x000000070aa00000|
|  87|0x000000070ab00000, 0x000000070ab00000, 0x000000070ac00000|  0%| F|  |TS  0|AC  0|TAMS 0x000000070ab00000, 0x000000070ab00000|
|  88|0x000000070ac00000, 0x000000070ac00000, 0x000000070ad00000|  0%| F|  |TS  0|AC  0|TAMS 0x000000070ac00000, 0x000000070ac00000|
|  89|0x000000070ad00000, 0x000000070ad00000, 0x000000070ae00000|  0%| F|  |TS  0|AC  0|TAMS 0x000000070ad00000, 0x000000070ad00000|
|  90|0x000000070ae00000, 0x000000070ae00000, 0x000000070af00000|  0%| F|  |TS  0|AC  0|TAMS 0x000000070ae00000, 0x000000070ae00000|
|  91|0x000000070af00000, 0x000000070af00000, 0x000000070b000000|  0%| F|  |TS  0|AC  0|TAMS 0x000000070af00000, 0x000000070af00000|
|  92|0x000000070b000000, 0x000000070b000000, 0x000000070b100000|  0%| F|  |TS  0|AC  0|TAMS 0x000000070b000000, 0x000000070b000000|
|  93|0x000000070b100000, 0x000000070b100000, 0x000000070b200000|  0%| F|  |TS  0|AC  0|TAMS 0x000000070b100000, 0x000000070b100000|
|  94|0x000000070b200000, 0x000000070b200000, 0x000000070b300000|  0%| F|  |TS  0|AC  0|TAMS 0x000000070b200000, 0x000000070b200000|
|  95|0x000000070b300000, 0x000000070b300000, 0x000000070b400000|  0%| F|  |TS  0|AC  0|TAMS 0x000000070b300000, 0x000000070b300000|
|  96|0x000000070b400000, 0x000000070b400000, 0x000000070b500000|  0%| F|  |TS  0|AC  0|TAMS 0x000000070b400000, 0x000000070b400000|
|  97|0x000000070b500000, 0x000000070b500000, 0x000000070b600000|  0%| F|  |TS  0|AC  0|TAMS 0x000000070b500000, 0x000000070b500000|
|  98|0x000000070b600000, 0x000000070b600000, 0x000000070b700000|  0%| F|  |TS  0|AC  0|TAMS 0x000000070b600000, 0x000000070b600000|
|  99|0x000000070b700000, 0x000000070b700000, 0x000000070b800000|  0%| F|  |TS  0|AC  0|TAMS 0x000000070b700000, 0x000000070b700000|
| 100|0x000000070b800000, 0x000000070b800000, 0x000000070b900000|  0%| F|  |TS  0|AC  0|TAMS 0x000000070b800000, 0x000000070b800000|
| 101|0x000000070b900000, 0x000000070b900000, 0x000000070ba00000|  0%| F|  |TS  0|AC  0|TAMS 0x000000070b900000, 0x000000070b900000|
| 102|0x000000070ba00000, 0x000000070ba00000, 0x000000070bb00000|  0%| F|  |TS  0|AC  0|TAMS 0x000000070ba00000, 0x000000070ba00000|
| 103|0x000000070bb00000, 0x000000070bb00000, 0x000000070bc00000|  0%| F|  |TS  0|AC  0|TAMS 0x000000070bb00000, 0x000000070bb00000|
| 104|0x000000070bc00000, 0x000000070bc00000, 0x000000070bd00000|  0%| F|  |TS  0|AC  0|TAMS 0x000000070bc00000, 0x000000070bc00000|
| 105|0x000000070bd00000, 0x000000070bd00000, 0x000000070be00000|  0%| F|  |TS  0|AC  0|TAMS 0x000000070bd00000, 0x000000070bd00000|
| 106|0x000000070be00000, 0x000000070be00000, 0x000000070bf00000|  0%| F|  |TS  0|AC  0|TAMS 0x000000070be00000, 0x000000070be00000|
| 107|0x000000070bf00000, 0x000000070bf00000, 0x000000070c000000|  0%| F|  |TS  0|AC  0|TAMS 0x000000070bf00000, 0x000000070bf00000|
| 108|0x000000070c000000, 0x000000070c000000, 0x000000070c100000|  0%| F|  |TS  0|AC  0|TAMS 0x000000070c000000, 0x000000070c000000|
| 109|0x000000070c100000, 0x000000070c100000, 0x000000070c200000|  0%| F|  |TS  0|AC  0|TAMS 0x000000070c100000, 0x000000070c100000|
| 110|0x000000070c200000, 0x000000070c200000, 0x000000070c300000|  0%| F|  |TS  0|AC  0|TAMS 0x000000070c200000, 0x000000070c200000|
| 111|0x000000070c300000, 0x000000070c300000, 0x000000070c400000|  0%| F|  |TS  0|AC  0|TAMS 0x000000070c300000, 0x000000070c300000|
| 112|0x000000070c400000, 0x000000070c400000, 0x000000070c500000|  0%| F|  |TS  0|AC  0|TAMS 0x000000070c400000, 0x000000070c400000|
| 113|0x000000070c500000, 0x000000070c500000, 0x000000070c600000|  0%| F|  |TS  0|AC  0|TAMS 0x000000070c500000, 0x000000070c500000|
| 114|0x000000070c600000, 0x000000070c600000, 0x000000070c700000|  0%| F|  |TS  0|AC  0|TAMS 0x000000070c600000, 0x000000070c600000|
| 115|0x000000070c700000, 0x000000070c700000, 0x000000070c800000|  0%| F|  |TS  0|AC  0|TAMS 0x000000070c700000, 0x000000070c700000|
| 116|0x000000070c800000, 0x000000070c800000, 0x000000070c900000|  0%| F|  |TS  0|AC  0|TAMS 0x000000070c800000, 0x000000070c800000|
| 117|0x000000070c900000, 0x000000070c900000, 0x000000070ca00000|  0%| F|  |TS  0|AC  0|TAMS 0x000000070c900000, 0x000000070c900000|
| 118|0x000000070ca00000, 0x000000070ca00000, 0x000000070cb00000|  0%| F|  |TS  0|AC  0|TAMS 0x000000070ca00000, 0x000000070ca00000|
| 119|0x000000070cb00000, 0x000000070cb00000, 0x000000070cc00000|  0%| F|  |TS  0|AC  0|TAMS 0x000000070cb00000, 0x000000070cb00000|
| 120|0x000000070cc00000, 0x000000070cc00000, 0x000000070cd00000|  0%| F|  |TS  0|AC  0|TAMS 0x000000070cc00000, 0x000000070cc00000|
| 121|0x000000070cd00000, 0x000000070cd00000, 0x000000070ce00000|  0%| F|  |TS  0|AC  0|TAMS 0x000000070cd00000, 0x000000070cd00000|
| 122|0x000000070ce00000, 0x000000070ce00000, 0x000000070cf00000|  0%| F|  |TS  0|AC  0|TAMS 0x000000070ce00000, 0x000000070ce00000|
| 123|0x000000070cf00000, 0x000000070cf00000, 0x000000070d000000|  0%| F|  |TS  0|AC  0|TAMS 0x000000070cf00000, 0x000000070cf00000|
| 124|0x000000070d000000, 0x000000070d000000, 0x000000070d100000|  0%| F|  |TS  0|AC  0|TAMS 0x000000070d000000, 0x000000070d000000|
| 125|0x000000070d100000, 0x000000070d100000, 0x000000070d200000|  0%| F|  |TS  0|AC  0|TAMS 0x000000070d100000, 0x000000070d100000|
| 126|0x000000070d200000, 0x000000070d200000, 0x000000070d300000|  0%| F|  |TS  0|AC  0|TAMS 0x000000070d200000, 0x000000070d200000|
| 127|0x000000070d300000, 0x000000070d300000, 0x000000070d400000|  0%| F|  |TS  0|AC  0|TAMS 0x000000070d300000, 0x000000070d300000|
| 128|0x000000070d400000, 0x000000070d400000, 0x000000070d500000|  0%| F|  |TS  0|AC  0|TAMS 0x000000070d400000, 0x000000070d400000|
| 129|0x000000070d500000, 0x000000070d500000, 0x000000070d600000|  0%| F|  |TS  0|AC  0|TAMS 0x000000070d500000, 0x000000070d500000|
| 130|0x000000070d600000, 0x000000070d600000, 0x000000070d700000|  0%| F|  |TS  0|AC  0|TAMS 0x000000070d600000, 0x000000070d600000|
| 131|0x000000070d700000, 0x000000070d700000, 0x000000070d800000|  0%| F|  |TS  0|AC  0|TAMS 0x000000070d700000, 0x000000070d700000|
| 132|0x000000070d800000, 0x000000070d800000, 0x000000070d900000|  0%| F|  |TS  0|AC  0|TAMS 0x000000070d800000, 0x000000070d800000|
| 133|0x000000070d900000, 0x000000070d900000, 0x000000070da00000|  0%| F|  |TS  0|AC  0|TAMS 0x000000070d900000, 0x000000070d900000|
| 134|0x000000070da00000, 0x000000070da00000, 0x000000070db00000|  0%| F|  |TS  0|AC  0|TAMS 0x000000070da00000, 0x000000070da00000|
| 135|0x000000070db00000, 0x000000070db00000, 0x000000070dc00000|  0%| F|  |TS  0|AC  0|TAMS 0x000000070db00000, 0x000000070db00000|
| 136|0x000000070dc00000, 0x000000070dc00000, 0x000000070dd00000|  0%| F|  |TS  0|AC  0|TAMS 0x000000070dc00000, 0x000000070dc00000|
| 137|0x000000070dd00000, 0x000000070dd00000, 0x000000070de00000|  0%| F|  |TS  0|AC  0|TAMS 0x000000070dd00000, 0x000000070dd00000|
| 138|0x000000070de00000, 0x000000070de00000, 0x000000070df00000|  0%| F|  |TS  0|AC  0|TAMS 0x000000070de00000, 0x000000070de00000|
| 139|0x000000070df00000, 0x000000070df00000, 0x000000070e000000|  0%| F|  |TS  0|AC  0|TAMS 0x000000070df00000, 0x000000070df00000|
| 140|0x000000070e000000, 0x000000070e000000, 0x000000070e100000|  0%| F|  |TS  0|AC  0|TAMS 0x000000070e000000, 0x000000070e000000|
| 141|0x000000070e100000, 0x000000070e100000, 0x000000070e200000|  0%| F|  |TS  0|AC  0|TAMS 0x000000070e100000, 0x000000070e100000|
| 142|0x000000070e200000, 0x000000070e200000, 0x000000070e300000|  0%| F|  |TS  0|AC  0|TAMS 0x000000070e200000, 0x000000070e200000|
| 143|0x000000070e300000, 0x000000070e300000, 0x000000070e400000|  0%| F|  |TS  0|AC  0|TAMS 0x000000070e300000, 0x000000070e300000|
| 144|0x000000070e400000, 0x000000070e400000, 0x000000070e500000|  0%| F|  |TS  0|AC  0|TAMS 0x000000070e400000, 0x000000070e400000|
| 145|0x000000070e500000, 0x000000070e500000, 0x000000070e600000|  0%| F|  |TS  0|AC  0|TAMS 0x000000070e500000, 0x000000070e500000|
| 146|0x000000070e600000, 0x000000070e600000, 0x000000070e700000|  0%| F|  |TS  0|AC  0|TAMS 0x000000070e600000, 0x000000070e600000|
| 147|0x000000070e700000, 0x000000070e700000, 0x000000070e800000|  0%| F|  |TS  0|AC  0|TAMS 0x000000070e700000, 0x000000070e700000|
| 148|0x000000070e800000, 0x000000070e800000, 0x000000070e900000|  0%| F|  |TS  0|AC  0|TAMS 0x000000070e800000, 0x000000070e800000|
| 149|0x000000070e900000, 0x000000070e900000, 0x000000070ea00000|  0%| F|  |TS  0|AC  0|TAMS 0x000000070e900000, 0x000000070e900000|
| 150|0x000000070ea00000, 0x000000070ea00000, 0x000000070eb00000|  0%| F|  |TS  0|AC  0|TAMS 0x000000070ea00000, 0x000000070ea00000|
| 151|0x000000070eb00000, 0x000000070eb00000, 0x000000070ec00000|  0%| F|  |TS  0|AC  0|TAMS 0x000000070eb00000, 0x000000070eb00000|
| 152|0x000000070ec00000, 0x000000070ec00000, 0x000000070ed00000|  0%| F|  |TS  0|AC  0|TAMS 0x000000070ec00000, 0x000000070ec00000|
| 153|0x000000070ed00000, 0x000000070ed00000, 0x000000070ee00000|  0%| F|  |TS  0|AC  0|TAMS 0x000000070ed00000, 0x000000070ed00000|
| 154|0x000000070ee00000, 0x000000070ee00000, 0x000000070ef00000|  0%| F|  |TS  0|AC  0|TAMS 0x000000070ee00000, 0x000000070ee00000|
| 155|0x000000070ef00000, 0x000000070ef00000, 0x000000070f000000|  0%| F|  |TS  0|AC  0|TAMS 0x000000070ef00000, 0x000000070ef00000|
| 156|0x000000070f000000, 0x000000070f000000, 0x000000070f100000|  0%| F|  |TS  0|AC  0|TAMS 0x000000070f000000, 0x000000070f000000|
| 157|0x000000070f100000, 0x000000070f100000, 0x000000070f200000|  0%| F|  |TS  0|AC  0|TAMS 0x000000070f100000, 0x000000070f100000|
| 158|0x000000070f200000, 0x000000070f200000, 0x000000070f300000|  0%| F|  |TS  0|AC  0|TAMS 0x000000070f200000, 0x000000070f200000|
| 159|0x000000070f300000, 0x000000070f300000, 0x000000070f400000|  0%| F|  |TS  0|AC  0|TAMS 0x000000070f300000, 0x000000070f300000|
| 160|0x000000070f400000, 0x000000070f400000, 0x000000070f500000|  0%| F|  |TS  0|AC  0|TAMS 0x000000070f400000, 0x000000070f400000|
| 161|0x000000070f500000, 0x000000070f500000, 0x000000070f600000|  0%| F|  |TS  0|AC  0|TAMS 0x000000070f500000, 0x000000070f500000|
| 162|0x000000070f600000, 0x000000070f600000, 0x000000070f700000|  0%| F|  |TS  0|AC  0|TAMS 0x000000070f600000, 0x000000070f600000|
| 163|0x000000070f700000, 0x000000070f700000, 0x000000070f800000|  0%| F|  |TS  0|AC  0|TAMS 0x000000070f700000, 0x000000070f700000|
| 164|0x000000070f800000, 0x000000070f800000, 0x000000070f900000|  0%| F|  |TS  0|AC  0|TAMS 0x000000070f800000, 0x000000070f800000|
| 165|0x000000070f900000, 0x000000070f900000, 0x000000070fa00000|  0%| F|  |TS  0|AC  0|TAMS 0x000000070f900000, 0x000000070f900000|
| 166|0x000000070fa00000, 0x000000070fa00000, 0x000000070fb00000|  0%| F|  |TS  0|AC  0|TAMS 0x000000070fa00000, 0x000000070fa00000|
| 167|0x000000070fb00000, 0x000000070fb00000, 0x000000070fc00000|  0%| F|  |TS  0|AC  0|TAMS 0x000000070fb00000, 0x000000070fb00000|
| 168|0x000000070fc00000, 0x000000070fc00000, 0x000000070fd00000|  0%| F|  |TS  0|AC  0|TAMS 0x000000070fc00000, 0x000000070fc00000|
| 169|0x000000070fd00000, 0x000000070fd00000, 0x000000070fe00000|  0%| F|  |TS  0|AC  0|TAMS 0x000000070fd00000, 0x000000070fd00000|
| 170|0x000000070fe00000, 0x000000070fe00000, 0x000000070ff00000|  0%| F|  |TS  0|AC  0|TAMS 0x000000070fe00000, 0x000000070fe00000|
| 171|0x000000070ff00000, 0x000000070ff00000, 0x0000000710000000|  0%| F|  |TS  0|AC  0|TAMS 0x000000070ff00000, 0x000000070ff00000|
| 172|0x0000000710000000, 0x0000000710000000, 0x0000000710100000|  0%| F|  |TS  0|AC  0|TAMS 0x0000000710000000, 0x0000000710000000|
| 173|0x0000000710100000, 0x0000000710100000, 0x0000000710200000|  0%| F|  |TS  0|AC  0|TAMS 0x0000000710100000, 0x0000000710100000|
| 174|0x0000000710200000, 0x0000000710200000, 0x0000000710300000|  0%| F|  |TS  0|AC  0|TAMS 0x0000000710200000, 0x0000000710200000|
| 175|0x0000000710300000, 0x0000000710300000, 0x0000000710400000|  0%| F|  |TS  0|AC  0|TAMS 0x0000000710300000, 0x0000000710300000|
| 176|0x0000000710400000, 0x0000000710400000, 0x0000000710500000|  0%| F|  |TS  0|AC  0|TAMS 0x0000000710400000, 0x0000000710400000|
| 177|0x0000000710500000, 0x0000000710500000, 0x0000000710600000|  0%| F|  |TS  0|AC  0|TAMS 0x0000000710500000, 0x0000000710500000|
| 178|0x0000000710600000, 0x0000000710648338, 0x0000000710700000| 28%| E|  |TS  0|AC  0|TAMS 0x0000000710600000, 0x0000000710600000|
| 179|0x0000000710700000, 0x0000000710800000, 0x0000000710800000|100%| E|CS|TS  0|AC  0|TAMS 0x0000000710700000, 0x0000000710700000|
| 180|0x0000000710800000, 0x0000000710900000, 0x0000000710900000|100%| E|CS|TS  0|AC  0|TAMS 0x0000000710800000, 0x0000000710800000|
| 181|0x0000000710900000, 0x0000000710a00000, 0x0000000710a00000|100%| E|CS|TS  0|AC  0|TAMS 0x0000000710900000, 0x0000000710900000|
| 182|0x0000000710a00000, 0x0000000710b00000, 0x0000000710b00000|100%| E|CS|TS  0|AC  0|TAMS 0x0000000710a00000, 0x0000000710a00000|
| 183|0x0000000710b00000, 0x0000000710c00000, 0x0000000710c00000|100%| E|CS|TS  0|AC  0|TAMS 0x0000000710b00000, 0x0000000710b00000|
| 184|0x0000000710c00000, 0x0000000710d00000, 0x0000000710d00000|100%| E|CS|TS  0|AC  0|TAMS 0x0000000710c00000, 0x0000000710c00000|
| 185|0x0000000710d00000, 0x0000000710e00000, 0x0000000710e00000|100%| E|CS|TS  0|AC  0|TAMS 0x0000000710d00000, 0x0000000710d00000|
| 186|0x0000000710e00000, 0x0000000710f00000, 0x0000000710f00000|100%| E|CS|TS  0|AC  0|TAMS 0x0000000710e00000, 0x0000000710e00000|
| 187|0x0000000710f00000, 0x0000000711000000, 0x0000000711000000|100%| E|CS|TS  0|AC  0|TAMS 0x0000000710f00000, 0x0000000710f00000|

Card table byte_map: [0x000001faf6d50000,0x000001faf7330000] byte_map_base: 0x000001faf3526000

Marking Bits (Prev, Next): (CMBitMap*) 0x000001faf675cca0, (CMBitMap*) 0x000001faf675ccd8
 Prev Bits: [0x000001faf7910000, 0x000001fafa7c0000)
 Next Bits: [0x000001fafa7c0000, 0x000001fafd670000)

Polling page: 0x000001faf4580000

CodeHeap 'non-profiled nmethods': size=238912Kb used=954Kb max_used=954Kb free=237958Kb
 bounds [0x000001fa8b960000, 0x000001fa8bbd0000, 0x000001fa9a2b0000]
CodeHeap 'non-nmethods': size=6848Kb used=2194Kb max_used=2194Kb free=4653Kb
 bounds [0x000001fa8b2b0000, 0x000001fa8b520000, 0x000001fa8b960000]
 total_blobs=1141 nmethods=766 adapters=284
 compilation: enabled

Compilation events (10 events):
Event: 0.403 Thread 0x000001fa9ab44000  764       1       java.lang.reflect.Method::<init> (68 bytes)
Event: 0.403 Thread 0x000001fa9ab50800 nmethod 761 0x000001fa8ba4ca10 code [0x000001fa8ba4cbe0, 0x000001fa8ba4cd90]
Event: 0.403 Thread 0x000001fa9ab44000 nmethod 764 0x000001fa8ba4ce90 code [0x000001fa8ba4d060, 0x000001fa8ba4d538]
Event: 0.404 Thread 0x000001fa9ab4e800 nmethod 763 0x000001fa8ba4d590 code [0x000001fa8ba4d760, 0x000001fa8ba4db40]
Event: 0.404 Thread 0x000001fa9ab50800  765       1       java.lang.Character::isWhitespace (5 bytes)
Event: 0.404 Thread 0x000001fa9ab44000  766       1       java.lang.Character::isWhitespace (9 bytes)
Event: 0.404 Thread 0x000001fa9ab4e800  767       1       java.lang.CharacterDataLatin1::isWhitespace (23 bytes)
Event: 0.404 Thread 0x000001fa9ab50800 nmethod 765 0x000001fa8ba4dc10 code [0x000001fa8ba4dde0, 0x000001fa8ba4df20]
Event: 0.404 Thread 0x000001fa9ab44000 nmethod 766 0x000001fa8ba4e010 code [0x000001fa8ba4e1e0, 0x000001fa8ba4e320]
Event: 0.404 Thread 0x000001fa9ab4e800 nmethod 767 0x000001fa8ba4e410 code [0x000001fa8ba4e5c0, 0x000001fa8ba4e738]

GC Heap History (0 events):
No events

Deoptimization events (0 events):
No events

Classes redefined (0 events):
No events

Internal exceptions (10 events):
Event: 0.331 Thread 0x000001faf669c800 Exception <a 'java/lang/InternalError'{0x000000071097bf00}: JVMCI is not enabled> (0x000000071097bf00) thrown at [t:/workspace/open/src/hotspot/share/jvmci/jvmciRuntime.cpp, line 635]
Event: 0.331 Thread 0x000001faf669c800 Exception <a 'java/lang/InternalError'{0x000000071097bf00}> (0x000000071097bf00) thrown at [t:/workspace/open/src/hotspot/share/oops/instanceKlass.cpp, line 840]
Event: 0.332 Thread 0x000001faf669c800 Exception <a 'java/lang/NoSuchMethodError'{0x0000000710983e70}: java.lang.invoke.DirectMethodHandle$Holder.invokeInterface(Ljava/lang/Object;Ljava/lang/Object;)I> (0x0000000710983e70) thrown at [t:/workspace/open/src/hotspot/share/interpreter/linkResolver
Event: 0.333 Thread 0x000001faf669c800 Exception <a 'java/lang/IncompatibleClassChangeError'{0x0000000710986e60}: Found class java.lang.Object, but interface was expected> (0x0000000710986e60) thrown at [t:/workspace/open/src/hotspot/share/interpreter/linkResolver.cpp, line 807]
Event: 0.374 Thread 0x000001faf669c800 Exception <a 'java/lang/NoSuchMethodError'{0x0000000710891e88}: java.lang.invoke.DirectMethodHandle$Holder.invokeStatic(Ljava/lang/Object;Ljava/lang/Object;Ljava/lang/Object;Ljava/lang/Object;Ljava/lang/Object;Ljava/lang/Object;Ljava/lang/Object;Ljava/lan
Event: 0.376 Thread 0x000001faf669c800 Exception <a 'java/lang/NoSuchMethodError'{0x00000007108b27a0}: java.lang.invoke.DirectMethodHandle$Holder.invokeStatic(Ljava/lang/Object;Ljava/lang/Object;Ljava/lang/Object;Ljava/lang/Object;Ljava/lang/Object;Ljava/lang/Object;Ljava/lang/Object;Ljava/lan
Event: 0.377 Thread 0x000001faf669c800 Exception <a 'java/lang/NoSuchMethodError'{0x00000007108d41f0}: java.lang.invoke.DirectMethodHandle$Holder.invokeStatic(Ljava/lang/Object;Ljava/lang/Object;Ljava/lang/Object;Ljava/lang/Object;Ljava/lang/Object;Ljava/lang/Object;Ljava/lang/Object;Ljava/lan
Event: 0.379 Thread 0x000001faf669c800 Exception <a 'java/lang/NoSuchMethodError'{0x00000007108f7b70}: java.lang.invoke.DirectMethodHandle$Holder.invokeStatic(Ljava/lang/Object;Ljava/lang/Object;Ljava/lang/Object;Ljava/lang/Object;Ljava/lang/Object;Ljava/lang/Object;Ljava/lang/Object;Ljava/lan
Event: 0.388 Thread 0x000001faf669c800 Exception <a 'java/lang/NoSuchMethodError'{0x00000007107594d0}: java.lang.invoke.DirectMethodHandle$Holder.invokeSpecial(Ljava/lang/Object;Ljava/lang/Object;Ljava/lang/Object;)I> (0x00000007107594d0) thrown at [t:/workspace/open/src/hotspot/share/interpre
Event: 0.389 Thread 0x000001faf669c800 Exception <a 'java/lang/NoSuchMethodError'{0x00000007107643a0}: method resolution failed> (0x00000007107643a0) thrown at [t:/workspace/open/src/hotspot/share/prims/methodHandles.cpp, line 1226]

Events (10 events):
Event: 0.404 loading class sun/reflect/annotation/AnnotationParser$1 done
Event: 0.404 loading class sun/reflect/annotation/AnnotationInvocationHandler
Event: 0.404 loading class java/lang/reflect/InvocationHandler
Event: 0.404 loading class java/lang/reflect/InvocationHandler done
Event: 0.404 loading class sun/reflect/annotation/AnnotationInvocationHandler done
Event: 0.404 loading class java/lang/reflect/Proxy
Event: 0.404 loading class java/lang/reflect/Proxy done
Event: 0.404 loading class jdk/internal/loader/AbstractClassLoaderValue$Sub
Event: 0.404 loading class jdk/internal/loader/AbstractClassLoaderValue$Sub done
Event: 0.405 loading class java/lang/reflect/Proxy$ProxyBuilder


Dynamic libraries:
0x00007ff664750000 - 0x00007ff66478e000 	C:\Program Files\Java\jdk-10.0.2\bin\javaw.exe
0x00007fff39890000 - 0x00007fff39a71000 	C:\WINDOWS\SYSTEM32\ntdll.dll
0x00007fff36ff0000 - 0x00007fff370a2000 	C:\WINDOWS\System32\KERNEL32.DLL
0x00007fff35e00000 - 0x00007fff36073000 	C:\WINDOWS\System32\KERNELBASE.dll
0x00007fff36d80000 - 0x00007fff36e21000 	C:\WINDOWS\System32\ADVAPI32.dll
0x00007fff37690000 - 0x00007fff3772e000 	C:\WINDOWS\System32\msvcrt.dll
0x00007fff373f0000 - 0x00007fff3744b000 	C:\WINDOWS\System32\sechost.dll
0x00007fff37830000 - 0x00007fff37954000 	C:\WINDOWS\System32\RPCRT4.dll
0x00007fff36e30000 - 0x00007fff36fc0000 	C:\WINDOWS\System32\USER32.dll
0x00007fff36b60000 - 0x00007fff36b80000 	C:\WINDOWS\System32\win32u.dll
0x00007fff37d30000 - 0x00007fff37d58000 	C:\WINDOWS\System32\GDI32.dll
0x00007fff35c60000 - 0x00007fff35df2000 	C:\WINDOWS\System32\gdi32full.dll
0x00007fff36b80000 - 0x00007fff36c1f000 	C:\WINDOWS\System32\msvcp_win.dll
0x00007fff36c20000 - 0x00007fff36d1a000 	C:\WINDOWS\System32\ucrtbase.dll
0x00007fff0db40000 - 0x00007fff0dda9000 	C:\WINDOWS\WinSxS\amd64_microsoft.windows.common-controls_6595b64144ccf1df_6.0.17134.472_none_fb3f9af53068156d\COMCTL32.dll
0x00007fff2d1c0000 - 0x00007fff2d1ca000 	C:\WINDOWS\SYSTEM32\VERSION.dll
0x00007fff370c0000 - 0x00007fff373e2000 	C:\WINDOWS\System32\combase.dll
0x00007fff369d0000 - 0x00007fff36a4a000 	C:\WINDOWS\System32\bcryptPrimitives.dll
0x00007fff37d60000 - 0x00007fff37d8d000 	C:\WINDOWS\System32\IMM32.DLL
0x00007fff10990000 - 0x00007fff10a7f000 	C:\Program Files\Java\jdk-10.0.2\bin\msvcr120.dll
0x00007ffefe840000 - 0x00007ffefe8e6000 	C:\Program Files\Java\jdk-10.0.2\bin\msvcp120.dll
0x000000006abd0000 - 0x000000006b640000 	C:\Program Files\Java\jdk-10.0.2\bin\server\jvm.dll
0x00007fff370b0000 - 0x00007fff370b8000 	C:\WINDOWS\System32\PSAPI.DLL
0x00007fff2a150000 - 0x00007fff2a159000 	C:\WINDOWS\SYSTEM32\WSOCK32.dll
0x00007fff32ac0000 - 0x00007fff32ae3000 	C:\WINDOWS\SYSTEM32\WINMM.dll
0x00007fff37c10000 - 0x00007fff37c7c000 	C:\WINDOWS\System32\WS2_32.dll
0x00007fff32a90000 - 0x00007fff32aba000 	C:\WINDOWS\SYSTEM32\WINMMBASE.dll
0x00007fff36270000 - 0x00007fff362b9000 	C:\WINDOWS\System32\cfgmgr32.dll
0x00007fff32b70000 - 0x00007fff32b7f000 	C:\Program Files\Java\jdk-10.0.2\bin\verify.dll
0x00007fff2c500000 - 0x00007fff2c6c9000 	C:\WINDOWS\SYSTEM32\DBGHELP.DLL
0x00007fff2c4d0000 - 0x00007fff2c4f9000 	C:\WINDOWS\SYSTEM32\dbgcore.DLL
0x00007fff20ff0000 - 0x00007fff21017000 	C:\Program Files\Java\jdk-10.0.2\bin\java.dll
0x00007fff20fd0000 - 0x00007fff20fe6000 	C:\Program Files\Java\jdk-10.0.2\bin\zip.dll
0x00007fff20fc0000 - 0x00007fff20fca000 	C:\Program Files\Java\jdk-10.0.2\bin\jimage.dll
0x00007fff38420000 - 0x00007fff39860000 	C:\WINDOWS\System32\SHELL32.dll
0x00007fff37c80000 - 0x00007fff37d29000 	C:\WINDOWS\System32\shcore.dll
0x00007fff362c0000 - 0x00007fff369cd000 	C:\WINDOWS\System32\windows.storage.dll
0x00007fff37bb0000 - 0x00007fff37c01000 	C:\WINDOWS\System32\shlwapi.dll
0x00007fff35c40000 - 0x00007fff35c51000 	C:\WINDOWS\System32\kernel.appcore.dll
0x00007fff35c20000 - 0x00007fff35c3f000 	C:\WINDOWS\System32\profapi.dll
0x00007fff35bd0000 - 0x00007fff35c1c000 	C:\WINDOWS\System32\powrprof.dll
0x00007fff35bc0000 - 0x00007fff35bca000 	C:\WINDOWS\System32\FLTLIB.DLL
0x00007fff20fa0000 - 0x00007fff20fba000 	C:\Program Files\Java\jdk-10.0.2\bin\net.dll
0x00007fff331a0000 - 0x00007fff3327d000 	C:\WINDOWS\SYSTEM32\WINHTTP.dll
0x00007fff353d0000 - 0x00007fff35436000 	C:\WINDOWS\system32\mswsock.dll
0x00007fff20f80000 - 0x00007fff20f91000 	C:\Program Files\Java\jdk-10.0.2\bin\nio.dll
0x00007fff0e880000 - 0x00007fff0e889000 	C:\Program Files\Java\jdk-10.0.2\bin\management.dll
0x00007fff0e870000 - 0x00007fff0e87a000 	C:\Program Files\Java\jdk-10.0.2\bin\management_ext.dll

dbghelp: loaded successfully - version: 4.0.5 - missing functions: none
symbol engine: initialized successfully - sym options: 0x614 - pdb path: .;C:\Program Files\Java\jdk-10.0.2\bin;C:\WINDOWS\SYSTEM32;C:\WINDOWS\WinSxS\amd64_microsoft.windows.common-controls_6595b64144ccf1df_6.0.17134.472_none_fb3f9af53068156d;C:\Program Files\Java\jdk-10.0.2\bin\server

VM Arguments:
jvm_args: -Dcom.sun.management.jmxremote -Dcom.sun.management.jmxremote.port=49810 -Dcom.sun.management.jmxremote.authenticate=false -Dcom.sun.management.jmxremote.ssl=false -Djava.rmi.server.hostname=localhost -Dspring.liveBeansView.mbeanDomain -Dspring.application.admin.enabled=true -Xverify:none -XX:TieredStopAtLevel=1 -Dfile.encoding=UTF-8 
java_command: com.example.demo.HomepageApplication --spring.output.ansi.enabled=always --server.port=9999
java_class_path (initial): D:\source\homepage\target\classes;C:\Users\Orgware\.m2\repository\org\springframework\boot\spring-boot-starter-thymeleaf\2.1.2.BUILD-SNAPSHOT\spring-boot-starter-thymeleaf-2.1.2.BUILD-SNAPSHOT.jar;C:\Users\Orgware\.m2\repository\org\springframework\boot\spring-boot-starter\2.1.2.BUILD-SNAPSHOT\spring-boot-starter-2.1.2.BUILD-SNAPSHOT.jar;C:\Users\Orgware\.m2\repository\org\springframework\boot\spring-boot\2.1.2.BUILD-SNAPSHOT\spring-boot-2.1.2.BUILD-SNAPSHOT.jar;C:\Users\Orgware\.m2\repository\org\springframework\boot\spring-boot-autoconfigure\2.1.2.BUILD-SNAPSHOT\spring-boot-autoconfigure-2.1.2.BUILD-SNAPSHOT.jar;C:\Users\Orgware\.m2\repository\org\springframework\boot\spring-boot-starter-logging\2.1.2.BUILD-SNAPSHOT\spring-boot-starter-logging-2.1.2.BUILD-SNAPSHOT.jar;C:\Users\Orgware\.m2\repository\ch\qos\logback\logback-classic\1.2.3\logback-classic-1.2.3.jar;C:\Users\Orgware\.m2\repository\ch\qos\logback\logback-core\1.2.3\logback-core-1.2.3.jar;C:\Users\Orgware\.m2\repository\org\apache\logging\log4j\log4j-to-slf4j\2.11.1\log4j-to-slf4j-2.11.1.jar;C:\Users\Orgware\.m2\repository\org\apache\logging\log4j\log4j-api\2.11.1\log4j-api-2.11.1.jar;C:\Users\Orgware\.m2\repository\org\slf4j\jul-to-slf4j\1.7.25\jul-to-slf4j-1.7.25.jar;C:\Users\Orgware\.m2\repository\javax\annotation\javax.annotation-api\1.3.2\javax.annotation-api-1.3.2.jar;C:\Users\Orgware\.m2\repository\org\yaml\snakeyaml\1.23\snakeyaml-1.23.jar;C:\Users\Orgware\.m2\repository\org\thymeleaf\thymeleaf-spring5\3.0.11.RELEASE\thymeleaf-spring5-3.0.11.RELEASE.jar;C:\Users\Orgware\.m2\repository\org\thymeleaf\thymeleaf\3.0.11.RELEASE\thymeleaf-3.0.11.RELEASE.jar;C:\Users\Orgware\.m2\repository\org\attoparser\attoparser\2.0.5.RELEASE\attoparser-2.0.5.RELEASE.jar;C:\Users\Orgware\.m2\repository\org\unbescape\unbescape\1.1.6.RELEASE\unbescape-1.1.6.RELEASE.jar;C:\Users\Orgware\.m2\repository\org\slf4j\slf4j-api\1.7.25\slf4j-api-1.7.25.jar;C:\Users\Orgware\.m2\repository\org\thymele
Launcher Type: SUN_STANDARD

Logging:
Log output configuration:
#0: stdout all=warning uptime,level,tags
#1: stderr all=off uptime,level,tags

Environment Variables:
PATH=C:/Program Files/Java/jdk-10.0.2/bin/server;C:/Program Files/Java/jdk-10.0.2/bin;"C:\Program Files\Java\jdk-10.0.2\bin;C:\Program Files\Java\jre-10.0.2\bin";C:\WINDOWS\system32;C:\WINDOWS;C:\WINDOWS\System32\Wbem;C:\WINDOWS\System32\WindowsPowerShell\v1.0\;C:\Program Files (x86)\Windows Kits\8.1\Windows Performance Toolkit\;C:\Program Files\Microsoft SQL Server\110\Tools\Binn\;C:\Program Files (x86)\Microsoft SDKs\TypeScript\1.0\;C:\Program Files\Microsoft SQL Server\120\Tools\Binn\;C:\Program Files\Microsoft SQL Server\110\DTS\Binn\;C:\Program Files (x86)\Microsoft SQL Server\110\Tools\Binn\;C:\Program Files (x86)\Microsoft SQL Server\110\Tools\Binn\ManagementStudio\;C:\Program Files (x86)\Microsoft Visual Studio 10.0\Common7\IDE\PrivateAssemblies\;C:\Program Files (x86)\Microsoft SQL Server\110\DTS\Binn\;C:\Program Files\dotnet\;C:\Program Files\Microsoft SQL Server\130\Tools\Binn\;C:\Program Files\nodejs\;C:\Program Files\Git\cmd;C:\WINDOWS\System32\OpenSSH\;C:\Program Files\Microsoft\Web Platform Installer\;C:\Program Files\VisualSVN Server\bin;C:\Program Files\TortoiseSVN\bin;C:\Program Files (x86)\MySQL\MySQL Utilities 1.6\;C:\Users\Orgware\AppData\Local\Microsoft\WindowsApps;;C:\Users\Orgware\AppData\Roaming\npm;C:\Program Files\Microsoft VS Code\bin;D:\spring-tool-suite-3.9.6.RELEASE-e4.9.0-win32-x86_64\sts-bundle\sts-3.9.6.RELEASE;
USERNAME=Orgware
OS=Windows_NT
PROCESSOR_IDENTIFIER=Intel64 Family 6 Model 60 Stepping 3, GenuineIntel



---------------  S Y S T E M  ---------------

OS: Windows 10 , 64 bit Build 17134 (10.0.17134.1)

CPU:total 4 (initial active 4) (4 cores per cpu, 1 threads per core) family 6 model 60 stepping 3, cmov, cx8, fxsr, mmx, sse, sse2, sse3, ssse3, sse4.1, sse4.2, popcnt, avx, avx2, aes, clmul, erms, lzcnt, tsc, tscinvbit, bmi1, bmi2, fma

Memory: 4k page, physical 12233864k(8179056k free), swap 20425864k(15415532k free)

vm_info: Java HotSpot(TM) 64-Bit Server VM (10.0.2+13) for windows-amd64 JRE (10.0.2+13), built on Jun 28 2018 01:57:56 by "mach5one" with MS VC++ 12.0 (VS2013)

END.
