2019-03-05 10:07:49,881 [Worker-5: Loading available Gradle versions] INFO  c.g.t.t.d.PublishedGradleVersions - Gradle version information cache is up-to-date. Trying to read.
2019-03-19 14:37:01,662 [Worker-3: Loading available Gradle versions] INFO  c.g.t.t.d.PublishedGradleVersions - Gradle version information cache is up-to-date. Trying to read.
2019-04-04 10:08:22,504 [Worker-3: Loading available Gradle versions] INFO  c.g.t.t.d.PublishedGradleVersions - Gradle version information cache is up-to-date. Trying to read.
2019-04-04 10:10:46,795 [Worker-19: Updating Maven Dependencies] INFO  o.e.m.c.i.l.LifecycleMappingFactory - Using NULL lifecycle mapping for MavenProject: org.orgw.simples:simples:0.0.1-SNAPSHOT @ D:\priyanka\geofence leave cl\EmployeeManagement\simples\pom.xml.
2019-04-04 10:10:54,930 [Worker-11: Building workspace] INFO  o.e.m.c.i.l.LifecycleMappingFactory - Using org.eclipse.m2e.jdt.JarLifecycleMapping lifecycle mapping for MavenProject: org.orgw.simples:simples-core:0.0.1-SNAPSHOT @ D:\priyanka\geofence leave cl\EmployeeManagement\simples\simples-core\pom.xml.
2019-04-04 10:10:58,070 [Worker-11: Building workspace] INFO  o.e.m.c.i.embedder.EclipseLogger - Using 'UTF-8' encoding to copy filtered resources.
2019-04-04 10:10:58,334 [Worker-11: Building workspace] INFO  o.e.m.c.i.embedder.EclipseLogger - Copying 1 resource
2019-04-04 10:10:58,348 [Worker-11: Building workspace] INFO  o.e.m.c.i.embedder.EclipseLogger - Copying 2 resources
2019-04-04 10:10:58,354 [Worker-11: Building workspace] INFO  o.e.m.c.i.embedder.EclipseLogger - Using 'UTF-8' encoding to copy filtered resources.
2019-04-04 10:10:58,354 [Worker-11: Building workspace] INFO  o.e.m.c.i.embedder.EclipseLogger - skip non existing resourceDirectory D:\priyanka\geofence leave cl\EmployeeManagement\simples\simples-core\src\test\resources
2019-04-04 10:10:59,180 [Worker-11: Building workspace] INFO  o.e.m.c.i.l.LifecycleMappingFactory - Using org.eclipse.m2e.jdt.JarLifecycleMapping lifecycle mapping for MavenProject: org.orgw.simples:simples-service:0.0.1-SNAPSHOT @ D:\priyanka\geofence leave cl\EmployeeManagement\simples\simples-service\pom.xml.
2019-04-04 10:10:59,625 [Worker-11: Building workspace] INFO  o.e.m.c.i.p.WorkspaceClassifierResolverManager - Resolving P/simples-core: org.orgw.simples:simples-core:0.0.1-SNAPSHOT with classifier  to /simples-core/target/classes
2019-04-04 10:11:00,017 [Worker-11: Building workspace] INFO  o.e.m.c.i.embedder.EclipseLogger - Using 'UTF-8' encoding to copy filtered resources.
2019-04-04 10:11:00,017 [Worker-11: Building workspace] INFO  o.e.m.c.i.embedder.EclipseLogger - skip non existing resourceDirectory D:\priyanka\geofence leave cl\EmployeeManagement\simples\simples-service\src\main\resources
2019-04-04 10:11:00,017 [Worker-11: Building workspace] INFO  o.e.m.c.i.embedder.EclipseLogger - skip non existing resourceDirectory D:\priyanka\geofence leave cl\EmployeeManagement\simples\simples-service\src\main\resources
2019-04-04 10:11:00,019 [Worker-11: Building workspace] INFO  o.e.m.c.i.embedder.EclipseLogger - Using 'UTF-8' encoding to copy filtered resources.
2019-04-04 10:11:00,019 [Worker-11: Building workspace] INFO  o.e.m.c.i.embedder.EclipseLogger - skip non existing resourceDirectory D:\priyanka\geofence leave cl\EmployeeManagement\simples\simples-service\src\test\resources
2019-04-04 10:11:02,438 [Worker-19: Building workspace] INFO  o.e.m.c.i.embedder.EclipseLogger - Using 'UTF-8' encoding to copy filtered resources.
2019-04-04 10:11:02,443 [Worker-19: Building workspace] INFO  o.e.m.c.i.embedder.EclipseLogger - Copying 1 resource
2019-04-04 10:11:02,445 [Worker-19: Building workspace] INFO  o.e.m.c.i.embedder.EclipseLogger - Copying 2 resources
2019-04-04 10:11:02,449 [Worker-19: Building workspace] INFO  o.e.m.c.i.embedder.EclipseLogger - Using 'UTF-8' encoding to copy filtered resources.
2019-04-04 10:11:02,450 [Worker-19: Building workspace] INFO  o.e.m.c.i.embedder.EclipseLogger - skip non existing resourceDirectory D:\priyanka\geofence leave cl\EmployeeManagement\simples\simples-core\src\test\resources
2019-04-04 10:11:05,864 [Worker-19: Building workspace] INFO  o.e.m.c.i.p.WorkspaceClassifierResolverManager - Resolving P/simples-core: org.orgw.simples:simples-core:0.0.1-SNAPSHOT with classifier  to /simples-core/target/classes
2019-04-04 10:11:05,896 [Worker-19: Building workspace] INFO  o.e.m.c.i.embedder.EclipseLogger - Using 'UTF-8' encoding to copy filtered resources.
2019-04-04 10:11:05,896 [Worker-19: Building workspace] INFO  o.e.m.c.i.embedder.EclipseLogger - skip non existing resourceDirectory D:\priyanka\geofence leave cl\EmployeeManagement\simples\simples-service\src\main\resources
2019-04-04 10:11:05,896 [Worker-19: Building workspace] INFO  o.e.m.c.i.embedder.EclipseLogger - skip non existing resourceDirectory D:\priyanka\geofence leave cl\EmployeeManagement\simples\simples-service\src\main\resources
2019-04-04 10:11:05,898 [Worker-19: Building workspace] INFO  o.e.m.c.i.embedder.EclipseLogger - Using 'UTF-8' encoding to copy filtered resources.
2019-04-04 10:11:05,898 [Worker-19: Building workspace] INFO  o.e.m.c.i.embedder.EclipseLogger - skip non existing resourceDirectory D:\priyanka\geofence leave cl\EmployeeManagement\simples\simples-service\src\test\resources
2019-04-04 10:26:09,707 [Worker-25: Building workspace] INFO  o.e.m.c.i.embedder.EclipseLogger - Using 'UTF-8' encoding to copy filtered resources.
2019-04-04 10:26:09,707 [Worker-25: Building workspace] INFO  o.e.m.c.i.embedder.EclipseLogger - Copying 0 resource
2019-04-04 10:26:09,708 [Worker-25: Building workspace] INFO  o.e.m.c.i.embedder.EclipseLogger - Copying 0 resource
2019-04-04 10:26:09,710 [Worker-25: Building workspace] INFO  o.e.m.c.i.embedder.EclipseLogger - Using 'UTF-8' encoding to copy filtered resources.
2019-04-04 10:26:09,710 [Worker-25: Building workspace] INFO  o.e.m.c.i.embedder.EclipseLogger - skip non existing resourceDirectory D:\priyanka\geofence leave cl\EmployeeManagement\simples\simples-core\src\test\resources
2019-04-04 10:26:09,757 [Worker-25: Building workspace] INFO  o.e.m.c.i.embedder.EclipseLogger - Using 'UTF-8' encoding to copy filtered resources.
2019-04-04 10:26:09,757 [Worker-25: Building workspace] INFO  o.e.m.c.i.embedder.EclipseLogger - skip non existing resourceDirectory D:\priyanka\geofence leave cl\EmployeeManagement\simples\simples-service\src\main\resources
2019-04-04 10:26:09,758 [Worker-25: Building workspace] INFO  o.e.m.c.i.embedder.EclipseLogger - skip non existing resourceDirectory D:\priyanka\geofence leave cl\EmployeeManagement\simples\simples-service\src\main\resources
2019-04-04 10:26:09,765 [Worker-25: Building workspace] INFO  o.e.m.c.i.embedder.EclipseLogger - Using 'UTF-8' encoding to copy filtered resources.
2019-04-04 10:26:09,765 [Worker-25: Building workspace] INFO  o.e.m.c.i.embedder.EclipseLogger - skip non existing resourceDirectory D:\priyanka\geofence leave cl\EmployeeManagement\simples\simples-service\src\test\resources
2019-04-04 10:27:50,128 [Worker-26: Building workspace] INFO  o.e.m.c.i.embedder.EclipseLogger - Using 'UTF-8' encoding to copy filtered resources.
2019-04-04 10:27:50,130 [Worker-26: Building workspace] INFO  o.e.m.c.i.embedder.EclipseLogger - Copying 1 resource
2019-04-04 10:27:50,132 [Worker-26: Building workspace] INFO  o.e.m.c.i.embedder.EclipseLogger - Copying 2 resources
2019-04-04 10:27:50,136 [Worker-26: Building workspace] INFO  o.e.m.c.i.embedder.EclipseLogger - Using 'UTF-8' encoding to copy filtered resources.
2019-04-04 10:27:50,136 [Worker-26: Building workspace] INFO  o.e.m.c.i.embedder.EclipseLogger - skip non existing resourceDirectory D:\priyanka\geofence leave cl\EmployeeManagement\simples\simples-core\src\test\resources
2019-04-04 11:06:53,912 [Worker-34: Building workspace] INFO  o.e.m.c.i.embedder.EclipseLogger - Using 'UTF-8' encoding to copy filtered resources.
2019-04-04 11:06:53,913 [Worker-34: Building workspace] INFO  o.e.m.c.i.embedder.EclipseLogger - Copying 1 resource
2019-04-04 11:06:53,914 [Worker-34: Building workspace] INFO  o.e.m.c.i.embedder.EclipseLogger - Copying 2 resources
2019-04-04 11:06:53,918 [Worker-34: Building workspace] INFO  o.e.m.c.i.embedder.EclipseLogger - Using 'UTF-8' encoding to copy filtered resources.
2019-04-04 11:06:53,918 [Worker-34: Building workspace] INFO  o.e.m.c.i.embedder.EclipseLogger - skip non existing resourceDirectory D:\priyanka\geofence leave cl\EmployeeManagement\simples\simples-core\src\test\resources
2019-04-04 11:06:55,011 [Worker-35: Building workspace] INFO  o.e.m.c.i.embedder.EclipseLogger - Using 'UTF-8' encoding to copy filtered resources.
2019-04-04 11:06:55,012 [Worker-35: Building workspace] INFO  o.e.m.c.i.embedder.EclipseLogger - Copying 1 resource
2019-04-04 11:06:55,013 [Worker-35: Building workspace] INFO  o.e.m.c.i.embedder.EclipseLogger - Copying 2 resources
2019-04-04 11:06:55,014 [Worker-35: Building workspace] INFO  o.e.m.c.i.embedder.EclipseLogger - Using 'UTF-8' encoding to copy filtered resources.
2019-04-04 11:06:55,015 [Worker-35: Building workspace] INFO  o.e.m.c.i.embedder.EclipseLogger - skip non existing resourceDirectory D:\priyanka\geofence leave cl\EmployeeManagement\simples\simples-core\src\test\resources
2019-04-04 11:07:09,003 [Worker-35: Launching Executing clean in D__priyanka_geofence leave cl_EmployeeManagement_simples] INFO  o.e.m.i.launch.MavenLaunchDelegate - D:\priyanka\geofence leave cl\EmployeeManagement\simples
2019-04-04 11:07:09,012 [Worker-35: Launching Executing clean in D__priyanka_geofence leave cl_EmployeeManagement_simples] INFO  o.e.m.i.launch.MavenLaunchDelegate -  mvn -B clean
2019-04-04 11:18:48,699 [Worker-42: Building workspace] INFO  o.e.m.c.i.embedder.EclipseLogger - Using 'UTF-8' encoding to copy filtered resources.
2019-04-04 11:18:48,699 [Worker-42: Building workspace] INFO  o.e.m.c.i.embedder.EclipseLogger - Copying 1 resource
2019-04-04 11:18:48,699 [Worker-42: Building workspace] INFO  o.e.m.c.i.embedder.EclipseLogger - Copying 2 resources
2019-04-04 11:18:48,699 [Worker-42: Building workspace] INFO  o.e.m.c.i.embedder.EclipseLogger - Using 'UTF-8' encoding to copy filtered resources.
2019-04-04 11:18:48,699 [Worker-42: Building workspace] INFO  o.e.m.c.i.embedder.EclipseLogger - skip non existing resourceDirectory D:\priyanka\geofence leave cl\EmployeeManagement\simples\simples-core\src\test\resources
2019-04-04 11:18:48,777 [Worker-42: Building workspace] INFO  o.e.m.c.i.embedder.EclipseLogger - Using 'UTF-8' encoding to copy filtered resources.
2019-04-04 11:18:48,777 [Worker-42: Building workspace] INFO  o.e.m.c.i.embedder.EclipseLogger - skip non existing resourceDirectory D:\priyanka\geofence leave cl\EmployeeManagement\simples\simples-service\src\main\resources
2019-04-04 11:18:48,777 [Worker-42: Building workspace] INFO  o.e.m.c.i.embedder.EclipseLogger - skip non existing resourceDirectory D:\priyanka\geofence leave cl\EmployeeManagement\simples\simples-service\src\main\resources
2019-04-04 11:18:48,777 [Worker-42: Building workspace] INFO  o.e.m.c.i.embedder.EclipseLogger - Using 'UTF-8' encoding to copy filtered resources.
2019-04-04 11:18:48,777 [Worker-42: Building workspace] INFO  o.e.m.c.i.embedder.EclipseLogger - skip non existing resourceDirectory D:\priyanka\geofence leave cl\EmployeeManagement\simples\simples-service\src\test\resources
2019-04-04 11:19:06,011 [Worker-36: Building workspace] INFO  o.e.m.c.i.embedder.EclipseLogger - Using 'UTF-8' encoding to copy filtered resources.
2019-04-04 11:19:06,011 [Worker-36: Building workspace] INFO  o.e.m.c.i.embedder.EclipseLogger - skip non existing resourceDirectory D:\priyanka\geofence leave cl\EmployeeManagement\simples\simples-service\src\main\resources
2019-04-04 11:19:06,011 [Worker-36: Building workspace] INFO  o.e.m.c.i.embedder.EclipseLogger - skip non existing resourceDirectory D:\priyanka\geofence leave cl\EmployeeManagement\simples\simples-service\src\main\resources
2019-04-04 11:19:06,027 [Worker-36: Building workspace] INFO  o.e.m.c.i.embedder.EclipseLogger - Using 'UTF-8' encoding to copy filtered resources.
2019-04-04 11:19:06,027 [Worker-36: Building workspace] INFO  o.e.m.c.i.embedder.EclipseLogger - skip non existing resourceDirectory D:\priyanka\geofence leave cl\EmployeeManagement\simples\simples-service\src\test\resources
2019-04-04 11:19:49,527 [Worker-36: Building workspace] INFO  o.e.m.c.i.embedder.EclipseLogger - Using 'UTF-8' encoding to copy filtered resources.
2019-04-04 11:19:49,527 [Worker-36: Building workspace] INFO  o.e.m.c.i.embedder.EclipseLogger - Copying 1 resource
2019-04-04 11:19:49,527 [Worker-36: Building workspace] INFO  o.e.m.c.i.embedder.EclipseLogger - Copying 2 resources
2019-04-04 11:19:49,527 [Worker-36: Building workspace] INFO  o.e.m.c.i.embedder.EclipseLogger - Using 'UTF-8' encoding to copy filtered resources.
2019-04-04 11:19:49,527 [Worker-36: Building workspace] INFO  o.e.m.c.i.embedder.EclipseLogger - skip non existing resourceDirectory D:\priyanka\geofence leave cl\EmployeeManagement\simples\simples-core\src\test\resources
2019-04-04 11:19:50,605 [Worker-40: Building workspace] INFO  o.e.m.c.i.embedder.EclipseLogger - Using 'UTF-8' encoding to copy filtered resources.
2019-04-04 11:19:50,605 [Worker-40: Building workspace] INFO  o.e.m.c.i.embedder.EclipseLogger - Copying 1 resource
2019-04-04 11:19:50,605 [Worker-40: Building workspace] INFO  o.e.m.c.i.embedder.EclipseLogger - Copying 2 resources
2019-04-04 11:19:50,605 [Worker-40: Building workspace] INFO  o.e.m.c.i.embedder.EclipseLogger - Using 'UTF-8' encoding to copy filtered resources.
2019-04-04 11:19:50,605 [Worker-40: Building workspace] INFO  o.e.m.c.i.embedder.EclipseLogger - skip non existing resourceDirectory D:\priyanka\geofence leave cl\EmployeeManagement\simples\simples-core\src\test\resources
2019-04-04 11:19:57,934 [Worker-42: Building workspace] INFO  o.e.m.c.i.embedder.EclipseLogger - Using 'UTF-8' encoding to copy filtered resources.
2019-04-04 11:19:57,934 [Worker-42: Building workspace] INFO  o.e.m.c.i.embedder.EclipseLogger - Copying 1 resource
2019-04-04 11:19:57,934 [Worker-42: Building workspace] INFO  o.e.m.c.i.embedder.EclipseLogger - Copying 2 resources
2019-04-04 11:19:57,949 [Worker-42: Building workspace] INFO  o.e.m.c.i.embedder.EclipseLogger - Using 'UTF-8' encoding to copy filtered resources.
2019-04-04 11:19:57,949 [Worker-42: Building workspace] INFO  o.e.m.c.i.embedder.EclipseLogger - skip non existing resourceDirectory D:\priyanka\geofence leave cl\EmployeeManagement\simples\simples-core\src\test\resources
2019-04-04 11:21:18,808 [Worker-39: Building workspace] INFO  o.e.m.c.i.embedder.EclipseLogger - Using 'UTF-8' encoding to copy filtered resources.
2019-04-04 11:21:18,808 [Worker-39: Building workspace] INFO  o.e.m.c.i.embedder.EclipseLogger - Copying 1 resource
2019-04-04 11:21:18,808 [Worker-39: Building workspace] INFO  o.e.m.c.i.embedder.EclipseLogger - Copying 2 resources
2019-04-04 11:21:18,808 [Worker-39: Building workspace] INFO  o.e.m.c.i.embedder.EclipseLogger - Using 'UTF-8' encoding to copy filtered resources.
2019-04-04 11:21:18,808 [Worker-39: Building workspace] INFO  o.e.m.c.i.embedder.EclipseLogger - skip non existing resourceDirectory D:\priyanka\geofence leave cl\EmployeeManagement\simples\simples-core\src\test\resources
2019-04-04 11:21:19,856 [Worker-40: Building workspace] INFO  o.e.m.c.i.embedder.EclipseLogger - Using 'UTF-8' encoding to copy filtered resources.
2019-04-04 11:21:19,856 [Worker-40: Building workspace] INFO  o.e.m.c.i.embedder.EclipseLogger - Copying 1 resource
2019-04-04 11:21:19,856 [Worker-40: Building workspace] INFO  o.e.m.c.i.embedder.EclipseLogger - Copying 2 resources
2019-04-04 11:21:19,856 [Worker-40: Building workspace] INFO  o.e.m.c.i.embedder.EclipseLogger - Using 'UTF-8' encoding to copy filtered resources.
2019-04-04 11:21:19,856 [Worker-40: Building workspace] INFO  o.e.m.c.i.embedder.EclipseLogger - skip non existing resourceDirectory D:\priyanka\geofence leave cl\EmployeeManagement\simples\simples-core\src\test\resources
2019-04-04 11:21:50,667 [Worker-46: Building workspace] INFO  o.e.m.c.i.embedder.EclipseLogger - Using 'UTF-8' encoding to copy filtered resources.
2019-04-04 11:21:50,667 [Worker-46: Building workspace] INFO  o.e.m.c.i.embedder.EclipseLogger - Copying 1 resource
2019-04-04 11:21:50,667 [Worker-46: Building workspace] INFO  o.e.m.c.i.embedder.EclipseLogger - Copying 2 resources
2019-04-04 11:21:50,682 [Worker-46: Building workspace] INFO  o.e.m.c.i.embedder.EclipseLogger - Using 'UTF-8' encoding to copy filtered resources.
2019-04-04 11:21:50,682 [Worker-46: Building workspace] INFO  o.e.m.c.i.embedder.EclipseLogger - skip non existing resourceDirectory D:\priyanka\geofence leave cl\EmployeeManagement\simples\simples-core\src\test\resources
2019-04-04 11:21:50,714 [Worker-46: Building workspace] INFO  o.e.m.c.i.embedder.EclipseLogger - Using 'UTF-8' encoding to copy filtered resources.
2019-04-04 11:21:50,714 [Worker-46: Building workspace] INFO  o.e.m.c.i.embedder.EclipseLogger - skip non existing resourceDirectory D:\priyanka\geofence leave cl\EmployeeManagement\simples\simples-service\src\main\resources
2019-04-04 11:21:50,714 [Worker-46: Building workspace] INFO  o.e.m.c.i.embedder.EclipseLogger - skip non existing resourceDirectory D:\priyanka\geofence leave cl\EmployeeManagement\simples\simples-service\src\main\resources
2019-04-04 11:21:50,714 [Worker-46: Building workspace] INFO  o.e.m.c.i.embedder.EclipseLogger - Using 'UTF-8' encoding to copy filtered resources.
2019-04-04 11:21:50,714 [Worker-46: Building workspace] INFO  o.e.m.c.i.embedder.EclipseLogger - skip non existing resourceDirectory D:\priyanka\geofence leave cl\EmployeeManagement\simples\simples-service\src\test\resources
2019-04-04 15:13:13,342 [Worker-86: Building workspace] INFO  o.e.m.c.i.embedder.EclipseLogger - Using 'UTF-8' encoding to copy filtered resources.
2019-04-04 15:13:13,343 [Worker-86: Building workspace] INFO  o.e.m.c.i.embedder.EclipseLogger - skip non existing resourceDirectory D:\priyanka\geofence leave cl\EmployeeManagement\simples\simples-service\src\main\resources
2019-04-04 15:13:13,343 [Worker-86: Building workspace] INFO  o.e.m.c.i.embedder.EclipseLogger - skip non existing resourceDirectory D:\priyanka\geofence leave cl\EmployeeManagement\simples\simples-service\src\main\resources
2019-04-04 15:13:13,347 [Worker-86: Building workspace] INFO  o.e.m.c.i.embedder.EclipseLogger - Using 'UTF-8' encoding to copy filtered resources.
2019-04-04 15:13:13,347 [Worker-86: Building workspace] INFO  o.e.m.c.i.embedder.EclipseLogger - skip non existing resourceDirectory D:\priyanka\geofence leave cl\EmployeeManagement\simples\simples-service\src\test\resources
2019-04-04 15:13:14,395 [Worker-84: Building workspace] INFO  o.e.m.c.i.embedder.EclipseLogger - Using 'UTF-8' encoding to copy filtered resources.
2019-04-04 15:13:14,397 [Worker-84: Building workspace] INFO  o.e.m.c.i.embedder.EclipseLogger - Copying 1 resource
2019-04-04 15:13:14,399 [Worker-84: Building workspace] INFO  o.e.m.c.i.embedder.EclipseLogger - Copying 2 resources
2019-04-04 15:13:14,403 [Worker-84: Building workspace] INFO  o.e.m.c.i.embedder.EclipseLogger - Using 'UTF-8' encoding to copy filtered resources.
2019-04-04 15:13:14,404 [Worker-84: Building workspace] INFO  o.e.m.c.i.embedder.EclipseLogger - skip non existing resourceDirectory D:\priyanka\geofence leave cl\EmployeeManagement\simples\simples-core\src\test\resources
2019-04-04 15:13:14,438 [Worker-84: Building workspace] INFO  o.e.m.c.i.embedder.EclipseLogger - Using 'UTF-8' encoding to copy filtered resources.
2019-04-04 15:13:14,442 [Worker-84: Building workspace] INFO  o.e.m.c.i.embedder.EclipseLogger - skip non existing resourceDirectory D:\priyanka\geofence leave cl\EmployeeManagement\simples\simples-service\src\main\resources
2019-04-04 15:13:14,442 [Worker-84: Building workspace] INFO  o.e.m.c.i.embedder.EclipseLogger - skip non existing resourceDirectory D:\priyanka\geofence leave cl\EmployeeManagement\simples\simples-service\src\main\resources
2019-04-04 15:13:14,453 [Worker-84: Building workspace] INFO  o.e.m.c.i.embedder.EclipseLogger - Using 'UTF-8' encoding to copy filtered resources.
2019-04-04 15:13:14,454 [Worker-84: Building workspace] INFO  o.e.m.c.i.embedder.EclipseLogger - skip non existing resourceDirectory D:\priyanka\geofence leave cl\EmployeeManagement\simples\simples-service\src\test\resources
2019-05-10 11:33:11,680 [Worker-3: Loading available Gradle versions] INFO  c.g.t.t.d.PublishedGradleVersions - Gradle version information cache is up-to-date. Trying to read.
2019-07-16 13:02:15,151 [Worker-4: Loading available Gradle versions] INFO  c.g.t.t.d.PublishedGradleVersions - Gradle version information cache is out-of-date. Trying to update.
2019-07-16 13:02:27,363 [Worker-4: Loading available Gradle versions] INFO  c.g.t.t.d.PublishedGradleVersions - Updating Gradle version information cache failed. Using outdated cache.
2019-07-19 09:22:56,726 [Worker-1: Loading available Gradle versions] INFO  c.g.t.t.d.PublishedGradleVersions - Gradle version information cache is up-to-date. Trying to read.
